SF:lib\features\cart\domain\usecases\get_cart.dart
DA:7,0
DA:9,0
DA:10,0
LF:3
LH:0
end_of_record
SF:lib\features\cart\domain\usecases\add_item_to_cart.dart
DA:8,0
DA:10,0
DA:11,0
LF:3
LH:0
end_of_record
SF:lib\features\cart\domain\usecases\remove_item_from_cart.dart
DA:7,0
DA:9,0
DA:10,0
LF:3
LH:0
end_of_record
SF:lib\features\cart\domain\usecases\update_item_quantity.dart
DA:7,0
DA:9,0
DA:10,0
LF:3
LH:0
end_of_record
SF:lib\features\cart\domain\usecases\clear_cart.dart
DA:6,0
DA:8,0
DA:9,0
LF:3
LH:0
end_of_record
SF:lib\features\cart\domain\usecases\get_cart_item_count.dart
DA:6,0
DA:8,0
DA:9,0
LF:3
LH:0
end_of_record
SF:lib\features\cart\domain\entities\cart.dart
DA:13,2
DA:23,1
DA:24,6
DA:28,0
DA:29,0
DA:33,1
DA:34,5
DA:38,1
DA:39,5
DA:43,1
DA:44,2
DA:48,1
DA:49,2
DA:52,1
DA:53,2
DA:58,0
DA:63,1
DA:64,2
DA:68,1
DA:69,7
DA:73,6
DA:76,0
DA:79,4
DA:82,0
DA:83,0
DA:87,1
DA:88,2
DA:91,1
DA:93,2
DA:94,2
DA:95,1
DA:96,3
DA:102,2
DA:104,4
DA:106,2
DA:110,1
DA:111,2
DA:112,1
DA:113,3
DA:114,3
DA:119,2
DA:121,2
DA:122,1
DA:123,3
DA:126,2
DA:127,1
DA:130,3
DA:133,2
DA:137,1
DA:138,6
DA:140,2
DA:144,1
DA:145,1
DA:146,1
DA:149,3
DA:150,2
DA:151,1
DA:154,1
DA:156,2
DA:160,1
DA:161,3
DA:165,0
DA:166,0
DA:167,0
DA:168,0
DA:170,0
DA:174,1
DA:182,1
DA:183,1
DA:184,0
DA:185,1
DA:186,0
DA:187,1
DA:188,1
DA:192,1
DA:193,1
DA:194,1
DA:195,1
DA:196,1
DA:197,1
DA:198,1
DA:199,1
LF:82
LH:69
end_of_record
SF:lib\features\cart\domain\entities\cart_item.dart
DA:23,3
DA:44,4
DA:47,4
DA:50,4
DA:53,1
DA:72,1
DA:73,1
DA:74,1
DA:75,1
DA:76,1
DA:77,1
DA:78,1
DA:79,1
DA:80,1
DA:81,1
DA:82,1
DA:83,1
DA:84,1
DA:85,1
DA:86,1
DA:87,1
DA:88,1
DA:89,1
DA:93,2
DA:94,2
DA:95,2
DA:96,2
DA:97,2
DA:98,2
DA:99,2
DA:100,2
DA:101,2
DA:102,2
DA:103,2
DA:104,2
DA:105,2
DA:106,2
DA:107,2
DA:108,2
DA:109,2
DA:110,2
DA:111,2
LF:42
LH:42
end_of_record
SF:lib\features\cart\presentation\bloc\cart_bloc.dart
DA:15,1
DA:22,1
DA:23,2
DA:24,2
DA:25,2
DA:26,2
DA:27,2
DA:28,2
DA:29,2
DA:32,1
DA:33,1
DA:36,2
DA:38,1
DA:39,1
DA:41,2
DA:44,3
DA:48,1
DA:52,3
DA:55,3
DA:57,3
DA:60,2
DA:62,3
DA:65,1
DA:69,1
DA:73,1
DA:76,3
DA:78,1
DA:79,0
DA:81,2
DA:84,3
DA:87,1
DA:91,1
DA:95,1
DA:96,1
DA:97,1
DA:98,1
DA:103,2
DA:104,1
DA:105,1
DA:108,1
DA:109,0
DA:111,2
DA:114,3
DA:117,1
DA:121,1
DA:125,1
DA:128,2
DA:129,1
DA:131,3
DA:135,0
DA:139,0
DA:144,0
DA:146,0
DA:150,0
DA:154,0
LF:55
LH:47
end_of_record
SF:lib\features\cart\presentation\bloc\cart_event.dart
DA:6,3
DA:8,0
DA:9,0
DA:14,2
DA:21,1
DA:23,0
DA:24,0
DA:31,1
DA:33,0
DA:34,0
DA:42,1
DA:44,0
DA:45,0
DA:50,1
DA:57,0
DA:59,0
DA:60,0
DA:65,0
LF:18
LH:6
end_of_record
SF:lib\features\cart\presentation\bloc\cart_state.dart
DA:6,3
DA:8,1
DA:9,1
DA:14,2
DA:19,2
DA:26,1
DA:28,1
DA:29,2
DA:32,0
DA:33,0
DA:39,2
DA:47,2
DA:49,1
DA:50,3
DA:57,1
DA:59,1
DA:60,2
DA:68,1
DA:70,1
DA:71,3
DA:79,2
DA:81,1
DA:82,3
DA:87,2
LF:24
LH:22
end_of_record
